Started at Wed Apr 05 07:09:13 UTC 2023
Processing cow-world
Offering cow-world to Project Build Discarder
Processing cowsay-pipeline
Offering cowsay-pipeline to Project Build Discarder
Finished at Wed Apr 05 07:09:13 UTC 2023. 51ms
Started at Wed Apr 05 08:09:13 UTC 2023
Processing cow-world
Offering cow-world to Project Build Discarder
Processing cowsay-pipeline
Offering cowsay-pipeline to Project Build Discarder
Finished at Wed Apr 05 08:09:13 UTC 2023. 15ms
Started at Wed Apr 05 09:09:13 UTC 2023
Processing cow-world
Offering cow-world to Project Build Discarder
Processing cowsay-pipeline
Offering cowsay-pipeline to Project Build Discarder
Finished at Wed Apr 05 09:09:13 UTC 2023. 13ms
Started at Wed Apr 05 10:09:13 UTC 2023
Processing cow-world
Offering cow-world to Project Build Discarder
Processing cowsay-pipeline
Offering cowsay-pipeline to Project Build Discarder
Finished at Wed Apr 05 10:09:13 UTC 2023. 28ms
